<?xml version="1.0" encoding="UTF-8"?>
<testsuite xmlns:xsi="http://www.w3.org/2001/XMLSchema-instance" xsi:noNamespaceSchemaLocation="https://maven.apache.org/surefire/maven-surefire-plugin/xsd/surefire-test-report-3.0.xsd" version="3.0" name="testrunner.TestRunner" time="1.969" tests="2" errors="0" skipped="0" failures="0">
  <properties>
[...]
</properties>
  <testcase name="Perform item creation with valid details" classname="Perform a item creation" time="1.797">
    <system-out><![CDATA[Runner class : JUnitRunner
-- listing properties --
msinventory-item_request=/src/test/java/msinventory/common/ite...
msinventory-service_url=https://localhost:7050/api
msinventory-item_api=/Item

@Item
Scenario: Perform item creation with valid details # src/test/java/msinventory/features/crearitem.feature:4
  Given an item with valid details                 # msinventory.steps.MSInventorySteps.getItemValidData(io.cucumber.datatable.DataTable)
    | itemName  |
    | empanadas |
11:55:27.447 [main] ERROR util.RequestSpecificationFactory - Request method:	POST
11:55:27.450 [main] ERROR util.RequestSpecificationFactory - Request URI:	https://localhost:7050/api/Item
11:55:27.450 [main] ERROR util.RequestSpecificationFactory - Proxy:			<none>
11:55:27.450 [main] ERROR util.RequestSpecificationFactory - Request params:	<none>
11:55:27.450 [main] ERROR util.RequestSpecificationFactory - Query params:	<none>
11:55:27.451 [main] ERROR util.RequestSpecificationFactory - Form params:	<none>
11:55:27.451 [main] ERROR util.RequestSpecificationFactory - Path params:	<none>
11:55:27.451 [main] ERROR util.RequestSpecificationFactory - Headers:		Accept=application/json, application/javascript, text/javascript, text/json
11:55:27.451 [main] ERROR util.RequestSpecificationFactory - 				Content-Type=application/json
11:55:27.451 [main] ERROR util.RequestSpecificationFactory - Cookies:		<none>
11:55:27.451 [main] ERROR util.RequestSpecificationFactory - Multiparts:		<none>
11:55:27.451 [main] ERROR util.RequestSpecificationFactory - Body:
11:55:27.451 [main] ERROR util.RequestSpecificationFactory - {
11:55:27.451 [main] ERROR util.RequestSpecificationFactory -     "itemName": "empanadas",
11:55:27.451 [main] ERROR util.RequestSpecificationFactory -     "id": "b9917a25-760f-4ed1-9ed8-9a63240d2065"
11:55:27.451 [main] ERROR util.RequestSpecificationFactory - }
11:55:27.907 [main] ERROR util.RequestSpecificationFactory - HTTP/1.1 200 OK
11:55:27.907 [main] ERROR util.RequestSpecificationFactory - Content-Type: application/json; charset=utf-8
11:55:27.907 [main] ERROR util.RequestSpecificationFactory - Date: Sat, 25 Jan 2025 15:55:27 GMT
11:55:27.907 [main] ERROR util.RequestSpecificationFactory - Server: Kestrel
11:55:27.907 [main] ERROR util.RequestSpecificationFactory - Transfer-Encoding: chunked
11:55:27.907 [main] ERROR util.RequestSpecificationFactory - 
11:55:27.907 [main] ERROR util.RequestSpecificationFactory - "b9917a25-760f-4ed1-9ed8-9a63240d2065"
  When request is submitted for item creation      # msinventory.steps.MSInventorySteps.submitItemCreation()
  Then verify that the Item HTTP response is 200   # msinventory.steps.MSInventorySteps.verifyHTTPResponseCode(java.lang.Integer)
  And a item id is returned                        # msinventory.steps.MSInventorySteps.checkItemId()
]]></system-out>
  </testcase>
  <testcase name="Perform a failed item creation" classname="Perform a item creation" time="0.036">
    <system-out><![CDATA[
@Item
Scenario: Perform a failed item creation         # src/test/java/msinventory/features/crearitem.feature:12
  Given an item with invalid details             # msinventory.steps.MSInventorySteps.getItemInvalidData(io.cucumber.datatable.DataTable)
    | itemName |
11:55:27.924 [main] ERROR util.RequestSpecificationFactory - Request method:	POST
11:55:27.924 [main] ERROR util.RequestSpecificationFactory - Request URI:	https://localhost:7050/api/Item
11:55:27.924 [main] ERROR util.RequestSpecificationFactory - Proxy:			<none>
11:55:27.924 [main] ERROR util.RequestSpecificationFactory - Request params:	<none>
11:55:27.925 [main] ERROR util.RequestSpecificationFactory - Query params:	<none>
11:55:27.925 [main] ERROR util.RequestSpecificationFactory - Form params:	<none>
11:55:27.925 [main] ERROR util.RequestSpecificationFactory - Path params:	<none>
11:55:27.925 [main] ERROR util.RequestSpecificationFactory - Headers:		Accept=application/json, application/javascript, text/javascript, text/json
11:55:27.925 [main] ERROR util.RequestSpecificationFactory - 				Content-Type=application/json
11:55:27.925 [main] ERROR util.RequestSpecificationFactory - Cookies:		<none>
11:55:27.925 [main] ERROR util.RequestSpecificationFactory - Multiparts:		<none>
11:55:27.925 [main] ERROR util.RequestSpecificationFactory - Body:
11:55:27.925 [main] ERROR util.RequestSpecificationFactory - {
11:55:27.925 [main] ERROR util.RequestSpecificationFactory -     "id": ""
11:55:27.925 [main] ERROR util.RequestSpecificationFactory - }
11:55:27.950 [main] ERROR util.RequestSpecificationFactory - HTTP/1.1 400 Bad Request
11:55:27.950 [main] ERROR util.RequestSpecificationFactory - Content-Type: application/problem+json; charset=utf-8
11:55:27.950 [main] ERROR util.RequestSpecificationFactory - Date: Sat, 25 Jan 2025 15:55:27 GMT
11:55:27.950 [main] ERROR util.RequestSpecificationFactory - Server: Kestrel
11:55:27.950 [main] ERROR util.RequestSpecificationFactory - Transfer-Encoding: chunked
11:55:27.950 [main] ERROR util.RequestSpecificationFactory - 
11:55:27.950 [main] ERROR util.RequestSpecificationFactory - {
11:55:27.950 [main] ERROR util.RequestSpecificationFactory -     "type": "https://tools.ietf.org/html/rfc9110#section-15.5.1",
11:55:27.950 [main] ERROR util.RequestSpecificationFactory -     "title": "One or more validation errors occurred.",
11:55:27.950 [main] ERROR util.RequestSpecificationFactory -     "status": 400,
11:55:27.950 [main] ERROR util.RequestSpecificationFactory -     "errors": {
11:55:27.950 [main] ERROR util.RequestSpecificationFactory -         "command": [
11:55:27.950 [main] ERROR util.RequestSpecificationFactory -             "The command field is required."
11:55:27.950 [main] ERROR util.RequestSpecificationFactory -         ],
11:55:27.950 [main] ERROR util.RequestSpecificationFactory -         "$.id": [
11:55:27.950 [main] ERROR util.RequestSpecificationFactory -             "The JSON value could not be converted to Inventory.Application.Items.CreateItem.CreateItemCommand. Path: $.id | LineNumber: 0 | BytePositionInLine: 8."
11:55:27.950 [main] ERROR util.RequestSpecificationFactory -         ]
11:55:27.951 [main] ERROR util.RequestSpecificationFactory -     },
11:55:27.951 [main] ERROR util.RequestSpecificationFactory -     "traceId": "00-5de875b1e422dcd36dfa5fc85b977e1b-4f7a70d695b9e9fe-00"
11:55:27.951 [main] ERROR util.RequestSpecificationFactory - }
  When request is submitted for item creation    # msinventory.steps.MSInventorySteps.submitItemCreation()
  Then verify that the Item HTTP response is 400 # msinventory.steps.MSInventorySteps.verifyHTTPResponseCode(java.lang.Integer)
]]></system-out>
  </testcase>
</testsuite>